<?xml version="1.0" encoding="UTF-8"?>
<!-- Generated by org.testng.reporters.JUnitReportReporter -->
<testsuite skipped="0" hostname="welcome-PC" name="com.hubspot.qa.testcases.LoginTest" tests="3" failures="0" timestamp="13 Jan 2020 14:17:39 GMT" time="38.770" errors="0">
  <testcase name="verifyLoginPageTitleTest" time="14.800" classname="com.hubspot.qa.testcases.LoginTest"/>
  <testcase name="verifySignUpLinkTest" time="11.251" classname="com.hubspot.qa.testcases.LoginTest"/>
  <testcase name="loginTest" time="12.719" classname="com.hubspot.qa.testcases.LoginTest"/>
</testsuite> <!-- com.hubspot.qa.testcases.LoginTest -->
